<?xml version="1.0" encoding="UTF-8"?>
<!-- Generated by org.testng.reporters.JUnitXMLReporter -->
<testsuite hostname="LAPTOP-PJ1IVCJ7" ignored="0" name="Test" tests="3" failures="0" timestamp="05 Feb 2021 10:53:15 GMT" time="23.096" errors="0">
  <testcase name="TC2" time="20.69" classname="Demo.testngDemo.Parallel1"/>
  <testcase name="TC2" time="21.091" classname="Demo.testngDemo.Parallel2"/>
  <testcase name="TC1" time="23.063" classname="Demo.testngDemo.Parallel1"/>
</testsuite> <!-- Test -->
